<?xml version="1.0" encoding="UTF-8"?>
<testsuite name="com.ldts.mythsmists.controller.MapControllerTest" tests="2" skipped="0" failures="0" errors="0" timestamp="2023-12-22T20:32:18" hostname="vicente-HP" time="0.009">
  <properties/>
  <testcase name="checkpointChangesState()" classname="com.ldts.mythsmists.controller.MapControllerTest" time="0.003"/>
  <testcase name="checkpointTest()" classname="com.ldts.mythsmists.controller.MapControllerTest" time="0.004"/>
  <system-out><![CDATA[]]></system-out>
  <system-err><![CDATA[]]></system-err>
</testsuite>
