<?xml version="1.0" encoding="UTF-8"?>
<testsuite name="com.ldts.mythsmists.controller.Interlude1ControllerTest" tests="1" skipped="0" failures="0" errors="0" timestamp="2023-12-22T20:32:17" hostname="vicente-HP" time="0.036">
  <properties/>
  <testcase name="testSelectStep()" classname="com.ldts.mythsmists.controller.Interlude1ControllerTest" time="0.036"/>
  <system-out><![CDATA[]]></system-out>
  <system-err><![CDATA[]]></system-err>
</testsuite>
