<?xml version="1.0" encoding="UTF-8"?>
<testsuite name="com.ldts.mythsmists.controller.OrpheusControllerTest" tests="3" skipped="0" failures="0" errors="0" timestamp="2023-12-22T20:32:18" hostname="vicente-HP" time="0.016">
  <properties/>
  <testcase name="dracmaCounterTest()" classname="com.ldts.mythsmists.controller.OrpheusControllerTest" time="0.002"/>
  <testcase name="moveRightNotEmpty()" classname="com.ldts.mythsmists.controller.OrpheusControllerTest" time="0.005"/>
  <testcase name="moveRightEmpty()" classname="com.ldts.mythsmists.controller.OrpheusControllerTest" time="0.004"/>
  <system-out><![CDATA[]]></system-out>
  <system-err><![CDATA[]]></system-err>
</testsuite>
