<?xml version="1.0" encoding="UTF-8"?>
<testsuite name="Gradle Test Executor 36" tests="1" skipped="0" failures="1" errors="0" timestamp="2023-12-22T20:32:13" hostname="vicente-HP" time="8.625">
  <properties/>
  <testcase name="failed to execute tests" classname="Gradle Test Executor 36" time="8.625">
    <failure message="org.gradle.api.internal.tasks.testing.TestSuiteExecutionException: Could not complete execution for Gradle Test Executor 36." type="org.gradle.api.internal.tasks.testing.TestSuiteExecutionException">org.gradle.api.internal.tasks.testing.TestSuiteExecutionException: Could not complete execution for Gradle Test Executor 36.
	at org.gradle.api.internal.tasks.testing.SuiteTestClassProcessor.stop(SuiteTestClassProcessor.java:64)
	at java.base@20.0.2.1/jdk.internal.reflect.DirectMethodHandleAccessor.invoke(DirectMethodHandleAccessor.java:104)
	at java.base@20.0.2.1/java.lang.reflect.Method.invoke(Method.java:578)
	at org.gradle.internal.dispatch.ReflectionDispatch.dispatch(ReflectionDispatch.java:36)
	at org.gradle.internal.dispatch.ReflectionDispatch.dispatch(ReflectionDispatch.java:24)
	at org.gradle.internal.dispatch.ContextClassLoaderDispatch.dispatch(ContextClassLoaderDispatch.java:33)
	at org.gradle.internal.dispatch.ProxyDispatchAdapter$DispatchingInvocationHandler.invoke(ProxyDispatchAdapter.java:94)
	at jdk.proxy1/jdk.proxy1.$Proxy2.stop(Unknown Source)
	at org.gradle.api.internal.tasks.testing.worker.TestWorker$3.run(TestWorker.java:193)
	at org.gradle.api.internal.tasks.testing.worker.TestWorker.executeAndMaintainThreadName(TestWorker.java:129)
	at org.gradle.api.internal.tasks.testing.worker.TestWorker.execute(TestWorker.java:100)
	at org.gradle.api.internal.tasks.testing.worker.TestWorker.execute(TestWorker.java:60)
	at org.gradle.process.internal.worker.child.ActionExecutionWorker.execute(ActionExecutionWorker.java:56)
	at org.gradle.process.internal.worker.child.SystemApplicationClassLoaderWorker.call(SystemApplicationClassLoaderWorker.java:113)
	at org.gradle.process.internal.worker.child.SystemApplicationClassLoaderWorker.call(SystemApplicationClassLoaderWorker.java:65)
	at app//worker.org.gradle.process.internal.worker.GradleWorkerMain.run(GradleWorkerMain.java:69)
	at app//worker.org.gradle.process.internal.worker.GradleWorkerMain.main(GradleWorkerMain.java:74)
Caused by: java.lang.OutOfMemoryError: Java heap space
	at java.desktop/java.awt.image.DataBufferInt.&lt;init&gt;(DataBufferInt.java:76)
	at java.desktop/java.awt.image.Raster.createPackedRaster(Raster.java:539)
	at java.desktop/java.awt.image.DirectColorModel.createCompatibleWritableRaster(DirectColorModel.java:1032)
	at java.desktop/java.awt.image.BufferedImage.&lt;init&gt;(BufferedImage.java:324)
	at com.googlecode.lanterna.terminal.swing.GraphicalTerminalImplementation.ensureGraphicBufferHasRightSize(GraphicalTerminalImplementation.java:494)
	at com.googlecode.lanterna.terminal.swing.GraphicalTerminalImplementation.updateBackBuffer(GraphicalTerminalImplementation.java:332)
	at com.googlecode.lanterna.terminal.swing.GraphicalTerminalImplementation.flush(GraphicalTerminalImplementation.java:799)
	at com.googlecode.lanterna.terminal.swing.GraphicalTerminalImplementation.enterPrivateMode(GraphicalTerminalImplementation.java:660)
	at com.googlecode.lanterna.terminal.swing.AWTTerminal.enterPrivateMode(AWTTerminal.java:267)
	at com.googlecode.lanterna.terminal.swing.AWTTerminalFrame.enterPrivateMode(AWTTerminalFrame.java:206)
	at com.googlecode.lanterna.screen.TerminalScreen.startScreen(TerminalScreen.java:91)
	at com.ldts.mythsmists.gui.LanternaGUI.createScreen(LanternaGUI.java:51)
	at com.ldts.mythsmists.gui.LanternaGUI.&lt;init&gt;(LanternaGUI.java:29)
	at com.ldts.mythsmists.gui.LanternaGUITest.setUp(LanternaGUITest.java:36)
	at java.base/java.lang.invoke.LambdaForm$DMH/0x00007f24181bc000.invokeVirtual(LambdaForm$DMH)
	at java.base/java.lang.invoke.LambdaForm$MH/0x00007f24180b8800.invoke(LambdaForm$MH)
	at java.base/java.lang.invoke.Invokers$Holder.invokeExact_MT(Invokers$Holder)
	at java.base/jdk.internal.reflect.DirectMethodHandleAccessor.invokeImpl(DirectMethodHandleAccessor.java:154)
	at java.base/jdk.internal.reflect.DirectMethodHandleAccessor.invoke(DirectMethodHandleAccessor.java:104)
	at java.base/java.lang.reflect.Method.invoke(Method.java:578)
	at org.junit.platform.commons.util.ReflectionUtils.invokeMethod(ReflectionUtils.java:688)
	at org.junit.jupiter.engine.execution.MethodInvocation.proceed(MethodInvocation.java:60)
	at org.junit.jupiter.engine.execution.InvocationInterceptorChain$ValidatingInvocation.proceed(InvocationInterceptorChain.java:131)
	at org.junit.jupiter.engine.extension.TimeoutExtension.intercept(TimeoutExtension.java:149)
	at org.junit.jupiter.engine.extension.TimeoutExtension.interceptLifecycleMethod(TimeoutExtension.java:126)
	at org.junit.jupiter.engine.extension.TimeoutExtension.interceptBeforeEachMethod(TimeoutExtension.java:76)
	at org.junit.jupiter.engine.descriptor.ClassBasedTestDescriptor$$Lambda$551/0x00007f24181b5458.apply(Unknown Source)
	at org.junit.jupiter.engine.execution.ExecutableInvoker$ReflectiveInterceptorCall.lambda$ofVoidMethod$0(ExecutableInvoker.java:115)
	at org.junit.jupiter.engine.execution.ExecutableInvoker$ReflectiveInterceptorCall$$Lambda$248/0x00007f24181430c8.apply(Unknown Source)
	at org.junit.jupiter.engine.execution.ExecutableInvoker.lambda$invoke$0(ExecutableInvoker.java:105)
	at org.junit.jupiter.engine.execution.ExecutableInvoker$$Lambda$541/0x00007f24181b6288.apply(Unknown Source)
	at org.junit.jupiter.engine.execution.InvocationInterceptorChain$InterceptedInvocation.proceed(InvocationInterceptorChain.java:106)
</failure>
  </testcase>
  <system-out><![CDATA[]]></system-out>
  <system-err><![CDATA[]]></system-err>
</testsuite>
